#
# There is insufficient memory for the Java Runtime Environment to continue.
# Native memory allocation (mmap) failed to map 201326592 bytes for G1 virtual space
# Possible reasons:
#   The system is out of physical RAM or swap space
#   The process is running with CompressedOops enabled, and the Java Heap may be blocking the growth of the native heap
# Possible solutions:
#   Reduce memory load on the system
#   Increase physical memory or swap space
#   Check if swap backing store is full
#   Decrease Java heap size (-Xmx/-Xms)
#   Decrease number of Java threads
#   Decrease Java thread stack sizes (-Xss)
#   Set larger code cache with -XX:ReservedCodeCacheSize=
#   JVM is running with Zero Based Compressed Oops mode in which the Java heap is
#     placed in the first 32GB address space. The Java Heap base address is the
#     maximum limit for the native heap growth. Please use -XX:HeapBaseMinAddress
#     to set the Java Heap base and to place the Java Heap above 32GB virtual address.
# This output file may be truncated or incomplete.
#
#  Out of Memory Error (os_windows.cpp:3469), pid=9892, tid=12980
#
# JRE version:  (17.0.1+12) (build )
# Java VM: Java HotSpot(TM) 64-Bit Server VM (17.0.1+12-LTS-39, mixed mode, sharing, tiered, compressed oops, compressed class ptrs, g1 gc, windows-amd64)
# No core dump will be written. Minidumps are not enabled by default on client versions of Windows
#

---------------  S U M M A R Y ------------

Command Line: -Dfile.encoding=UTF-8 --module-path=C:\Users\ADMIN\Documents\NetBeansProjects\Project_DATABASE\build\classes GUI.Login

Host: Intel(R) Core(TM) i5-8265U CPU @ 1.60GHz, 8 cores, 11G,  Windows 10 , 64 bit Build 22000 (10.0.22000.434)
Time: Mon Jan 17 03:23:04 2022 SE Asia Standard Time elapsed time: 0.054951 seconds (0d 0h 0m 0s)

---------------  T H R E A D  ---------------

Current thread (0x000002c3a2c6cc30):  JavaThread "Unknown thread" [_thread_in_vm, id=12980, stack(0x000000f00c900000,0x000000f00ca00000)]

Stack: [0x000000f00c900000,0x000000f00ca00000]
Native frames: (J=compiled Java code, j=interpreted, Vv=VM code, C=native code)
V  [jvm.dll+0x66fa1a]
V  [jvm.dll+0x7ce5a4]
V  [jvm.dll+0x7cfd4e]
V  [jvm.dll+0x7d03b3]
V  [jvm.dll+0x242b05]
V  [jvm.dll+0x66ca39]
V  [jvm.dll+0x661502]
V  [jvm.dll+0x30081b]
V  [jvm.dll+0x307da6]
V  [jvm.dll+0x357a1e]
V  [jvm.dll+0x357c4f]
V  [jvm.dll+0x2d7ad8]
V  [jvm.dll+0x2d8a44]
V  [jvm.dll+0x7a01e1]
V  [jvm.dll+0x365791]
V  [jvm.dll+0x77f6cc]
V  [jvm.dll+0x3e812f]
V  [jvm.dll+0x3e9bd1]
C  [jli.dll+0x527b]
C  [ucrtbase.dll+0x26c0c]
C  [KERNEL32.DLL+0x154e0]
C  [ntdll.dll+0x485b]


---------------  P R O C E S S  ---------------

Threads class SMR info:
_java_thread_list=0x00007ffc35ab7818, length=0, elements={
}

Java Threads: ( => current thread )

Other Threads:
  0x000002c3a2cb0480 GCTaskThread "GC Thread#0" [stack: 0x000000f00ca00000,0x000000f00cb00000] [id=7508]
  0x000002c3a2cbd1d0 ConcurrentGCThread "G1 Main Marker" [stack: 0x000000f00cb00000,0x000000f00cc00000] [id=11372]
  0x000002c3a2cbdbe0 ConcurrentGCThread "G1 Conc#0" [stack: 0x000000f00cc00000,0x000000f00cd00000] [id=5268]

[error occurred during error reporting (printing all threads), id 0xc0000005, EXCEPTION_ACCESS_VIOLATION (0xc0000005) at pc=0x00007ffc353084b7]

VM state: not at safepoint (not fully initialized)

VM Mutex/Monitor currently owned by a thread:  ([mutex/lock_event])
[0x000002c3a2c67670] Heap_lock - owner thread: 0x000002c3a2c6cc30

Heap address: 0x0000000741e00000, size: 3042 MB, Compressed Oops mode: Zero based, Oop shift amount: 3

CDS archive(s) mapped at: [0x0000000000000000-0x0000000000000000-0x0000000000000000), size 0, SharedBaseAddress: 0x0000000800000000, ArchiveRelocationMode: 0.
Narrow klass base: 0x0000000000000000, Narrow klass shift: 0, Narrow klass range: 0x0

GC Precious Log:
<Empty>

Heap:
 garbage-first heap   total 0K, used 0K [0x0000000741e00000, 0x0000000800000000)
  region size 2048K, 0 young (0K), 0 survivors (0K)

[error occurred during error reporting (printing heap information), id 0xc0000005, EXCEPTION_ACCESS_VIOLATION (0xc0000005) at pc=0x00007ffc356e8d89]

GC Heap History (0 events):
No events

Deoptimization events (0 events):
No events

Classes unloaded (0 events):
No events

Classes redefined (0 events):
No events

Internal exceptions (0 events):
No events

VM Operations (0 events):
No events

Events (1 events):
Event: 0.006 Loaded shared library C:\Program Files\Java\jdk-17.0.1\bin\java.dll


Dynamic libraries:
0x00007ff7ab1c0000 - 0x00007ff7ab1d0000 	C:\Program Files\Java\jdk-17.0.1\bin\java.exe
0x00007ffc7f520000 - 0x00007ffc7f727000 	C:\WINDOWS\SYSTEM32\ntdll.dll
0x00007ffc7eba0000 - 0x00007ffc7ec5d000 	C:\WINDOWS\System32\KERNEL32.DLL
0x00007ffc7d040000 - 0x00007ffc7d3b4000 	C:\WINDOWS\System32\KERNELBASE.dll
0x00007ffc7ccc0000 - 0x00007ffc7cdd1000 	C:\WINDOWS\System32\ucrtbase.dll
0x00007ffc67100000 - 0x00007ffc6711a000 	C:\Program Files\Java\jdk-17.0.1\bin\VCRUNTIME140.dll
0x00007ffc54cf0000 - 0x00007ffc54d08000 	C:\Program Files\Java\jdk-17.0.1\bin\jli.dll
0x00007ffc7e450000 - 0x00007ffc7e4fe000 	C:\WINDOWS\System32\ADVAPI32.dll
0x00007ffc7e6a0000 - 0x00007ffc7e743000 	C:\WINDOWS\System32\msvcrt.dll
0x00007ffc7f440000 - 0x00007ffc7f4de000 	C:\WINDOWS\System32\sechost.dll
0x00007ffc7e950000 - 0x00007ffc7ea70000 	C:\WINDOWS\System32\RPCRT4.dll
0x00007ffc7e2a0000 - 0x00007ffc7e44c000 	C:\WINDOWS\System32\USER32.dll
0x00007ffc7cb20000 - 0x00007ffc7cb46000 	C:\WINDOWS\System32\win32u.dll
0x00007ffc5ffc0000 - 0x00007ffc60265000 	C:\WINDOWS\WinSxS\amd64_microsoft.windows.common-controls_6595b64144ccf1df_6.0.22000.120_none_9d947278b86cc467\COMCTL32.dll
0x00007ffc7e750000 - 0x00007ffc7e779000 	C:\WINDOWS\System32\GDI32.dll
0x00007ffc7cde0000 - 0x00007ffc7cef2000 	C:\WINDOWS\System32\gdi32full.dll
0x00007ffc7ca80000 - 0x00007ffc7cb1d000 	C:\WINDOWS\System32\msvcp_win.dll
0x00007ffc77690000 - 0x00007ffc7769a000 	C:\WINDOWS\SYSTEM32\VERSION.dll
0x00007ffc7d3c0000 - 0x00007ffc7d3f1000 	C:\WINDOWS\System32\IMM32.DLL
0x00007ffc69180000 - 0x00007ffc6918c000 	C:\Program Files\Java\jdk-17.0.1\bin\vcruntime140_1.dll
0x00007ffc4c600000 - 0x00007ffc4c68d000 	C:\Program Files\Java\jdk-17.0.1\bin\msvcp140.dll
0x00007ffc35020000 - 0x00007ffc35bde000 	C:\Program Files\Java\jdk-17.0.1\bin\server\jvm.dll
0x00007ffc7d400000 - 0x00007ffc7d408000 	C:\WINDOWS\System32\PSAPI.DLL
0x00007ffc703c0000 - 0x00007ffc703c9000 	C:\WINDOWS\SYSTEM32\WSOCK32.dll
0x00007ffc79c00000 - 0x00007ffc79c33000 	C:\WINDOWS\SYSTEM32\WINMM.dll
0x00007ffc7e780000 - 0x00007ffc7e7ef000 	C:\WINDOWS\System32\WS2_32.dll
0x00007ffc7bb90000 - 0x00007ffc7bba8000 	C:\WINDOWS\SYSTEM32\kernel.appcore.dll
0x00007ffc69040000 - 0x00007ffc6904a000 	C:\Program Files\Java\jdk-17.0.1\bin\jimage.dll
0x00007ffc7a700000 - 0x00007ffc7a921000 	C:\WINDOWS\SYSTEM32\DBGHELP.DLL
0x00007ffc79b10000 - 0x00007ffc79b41000 	C:\WINDOWS\SYSTEM32\dbgcore.DLL
0x00007ffc7cfc0000 - 0x00007ffc7d03f000 	C:\WINDOWS\System32\bcryptPrimitives.dll
0x00007ffc603f0000 - 0x00007ffc60415000 	C:\Program Files\Java\jdk-17.0.1\bin\java.dll

dbghelp: loaded successfully - version: 4.0.5 - missing functions: none
symbol engine: initialized successfully - sym options: 0x614 - pdb path: .;C:\Program Files\Java\jdk-17.0.1\bin;C:\WINDOWS\SYSTEM32;C:\WINDOWS\WinSxS\amd64_microsoft.windows.common-controls_6595b64144ccf1df_6.0.22000.120_none_9d947278b86cc467;C:\Program Files\Java\jdk-17.0.1\bin\server

VM Arguments:
jvm_args: -Dfile.encoding=UTF-8 --module-path=C:\Users\ADMIN\Documents\NetBeansProjects\Project_DATABASE\build\classes 
java_command: GUI.Login
java_class_path (initial): C:\Users\ADMIN\Documents\NetBeansProjects\mssql-jdbc-9.4.1.jre16.jar;C:\Users\ADMIN\Documents\NetBeansProjects\jcalendar-1.4.jar;C:\Users\ADMIN\Documents\NetBeansProjects\sqljdbc4-2.0.jar;C:\Users\ADMIN\Documents\NetBeansProjects\beansbinding-1.2.1.jar;C:\Program Files\Java\javafx-sdk-17.0.1;C:\Users\ADMIN\Documents\NetBeansProjects\commons-email-1.4.jar;C:\Users\ADMIN\Documents\NetBeansProjects\javax.mail-1.6.0-rc1.jar;C:\Users\ADMIN\Documents\NetBeansProjects\jcommon-1.0.23.jar;C:\Users\ADMIN\Documents\NetBeansProjects\jfreechart-1.5.0.jar;C:\Users\ADMIN\Documents\NetBeansProjects\jaxb-xalan-1.5.jar;C:\Users\ADMIN\Documents\NetBeansProjects\activation-1.1.jar;C:\Users\ADMIN\Documents\NetBeansProjects\Project_DATABASE\build\classes
Launcher Type: SUN_STANDARD

[Global flags]
     intx CICompilerCount                          = 4                                         {product} {ergonomic}
     uint ConcGCThreads                            = 2                                         {product} {ergonomic}
     uint G1ConcRefinementThreads                  = 8                                         {product} {ergonomic}
   size_t G1HeapRegionSize                         = 2097152                                   {product} {ergonomic}
    uintx GCDrainStackTargetSize                   = 64                                        {product} {ergonomic}
   size_t InitialHeapSize                          = 201326592                                 {product} {ergonomic}
   size_t MarkStackSize                            = 4194304                                   {product} {ergonomic}
   size_t MaxHeapSize                              = 3189768192                                {product} {ergonomic}
   size_t MinHeapDeltaBytes                        = 2097152                                   {product} {ergonomic}
   size_t MinHeapSize                              = 8388608                                   {product} {ergonomic}
    uintx NonNMethodCodeHeapSize                   = 5839372                                {pd product} {ergonomic}
    uintx NonProfiledCodeHeapSize                  = 122909434                              {pd product} {ergonomic}
    uintx ProfiledCodeHeapSize                     = 122909434                              {pd product} {ergonomic}
    uintx ReservedCodeCacheSize                    = 251658240                              {pd product} {ergonomic}
     bool SegmentedCodeCache                       = true                                      {product} {ergonomic}
   size_t SoftMaxHeapSize                          = 3189768192                             {manageable} {ergonomic}
     bool UseCompressedClassPointers               = true                           {product lp64_product} {ergonomic}
     bool UseCompressedOops                        = true                           {product lp64_product} {ergonomic}
     bool UseG1GC                                  = true                                      {product} {ergonomic}
     bool UseLargePagesIndividualAllocation        = false                                  {pd product} {ergonomic}

Logging:
Log output configuration:
 #0: stdout all=warning uptime,level,tags
 #1: stderr all=off uptime,level,tags

Environment Variables:
PATH=C:\Program Files\Common Files\Oracle\Java\javapath;C:\ProgramData\Oracle\Java\javapath;C:\WINDOWS\system32;C:\WINDOWS;C:\WINDOWS\System32\Wbem;C:\WINDOWS\System32\WindowsPowerShell\v1.0\;C:\WINDOWS\System32\OpenSSH\;C:\Program Files\Microsoft SQL Server\Client SDK\ODBC\110\Tools\Binn\;C:\Program Files\Git\cmd;C:\Program Files\Microsoft SQL Server\Client SDK\ODBC\170\Tools\Binn\;C:\Program Files (x86)\Microsoft SQL Server\150\Tools\Binn\;C:\Program Files\Microsoft SQL Server\150\Tools\Binn\;C:\Program Files\Microsoft SQL Server\150\DTS\Binn\;C:\Program Files (x86)\Microsoft SQL Server\150\DTS\Binn\;C:\Program Files\Azure Data Studio\bin;C:\Users\ADMIN\AppData\Local\Microsoft\WindowsApps;C:\Users\ADMIN\AppData\Local\Programs\Microsoft VS Code\bin;;C:\Program Files\Azure Data Studio\bin
USERNAME=ADMIN
OS=Windows_NT
PROCESSOR_IDENTIFIER=Intel64 Family 6 Model 142 Stepping 12, GenuineIntel



---------------  S Y S T E M  ---------------

OS:
 Windows 10 , 64 bit Build 22000 (10.0.22000.434)
OS uptime: 0 days 8:24 hours

CPU: total 8 (initial active 8) (4 cores per cpu, 2 threads per core) family 6 model 142 stepping 12 microcode 0xde, cx8, cmov, fxsr, ht, mmx, 3dnowpref, sse, sse2, sse3, ssse3, sse4.1, sse4.2, popcnt, lzcnt, tsc, tscinvbit, avx, avx2, aes, erms, clmul, bmi1, bmi2, adx, fma, vzeroupper, clflush, clflushopt

Memory: 4k page, system-wide physical 12165M (1867M free)
TotalPageFile size 12165M (AvailPageFile size 41M)
current process WorkingSet (physical memory assigned to process): 10M, peak: 10M
current process commit charge ("private bytes"): 59M, peak: 251M

vm_info: Java HotSpot(TM) 64-Bit Server VM (17.0.1+12-LTS-39) for windows-amd64 JRE (17.0.1+12-LTS-39), built on Sep 27 2021 18:41:35 by "mach5one" with MS VC++ 16.8 (VS2019)

END.
