#
# There is insufficient memory for the Java Runtime Environment to continue.
# Native memory allocation (malloc) failed to allocate 438416 bytes for Chunk::new
# Possible reasons:
#   The system is out of physical RAM or swap space
#   The process is running with CompressedOops enabled, and the Java Heap may be blocking the growth of the native heap
# Possible solutions:
#   Reduce memory load on the system
#   Increase physical memory or swap space
#   Check if swap backing store is full
#   Decrease Java heap size (-Xmx/-Xms)
#   Decrease number of Java threads
#   Decrease Java thread stack sizes (-Xss)
#   Set larger code cache with -XX:ReservedCodeCacheSize=
#   JVM is running with Zero Based Compressed Oops mode in which the Java heap is
#     placed in the first 32GB address space. The Java Heap base address is the
#     maximum limit for the native heap growth. Please use -XX:HeapBaseMinAddress
#     to set the Java Heap base and to place the Java Heap above 32GB virtual address.
# This output file may be truncated or incomplete.
#
#  Out of Memory Error (arena.cpp:189), pid=10268, tid=6624
#
# JRE version: Java(TM) SE Runtime Environment (17.0.1+12) (build 17.0.1+12-LTS-39)
# Java VM: Java HotSpot(TM) 64-Bit Server VM (17.0.1+12-LTS-39, mixed mode, sharing, tiered, compressed oops, compressed class ptrs, g1 gc, windows-amd64)
# No core dump will be written. Minidumps are not enabled by default on client versions of Windows
#

---------------  S U M M A R Y ------------

Command Line: -Dfile.encoding=UTF-8 --module-path=C:\Users\ADMIN\Documents\NetBeansProjects\Project_DATABASE\build\classes GUI.Login

Host: Intel(R) Core(TM) i5-8265U CPU @ 1.60GHz, 8 cores, 11G,  Windows 10 , 64 bit Build 22000 (10.0.22000.434)
Time: Mon Jan 17 03:14:33 2022 SE Asia Standard Time elapsed time: 0.997334 seconds (0d 0h 0m 0s)

---------------  T H R E A D  ---------------

Current thread (0x000001d8ecb586d0):  JavaThread "C2 CompilerThread0" daemon [_thread_in_native, id=6624, stack(0x0000009c17700000,0x0000009c17800000)]


Current CompileTask:
C2:    997 1486       4       java.util.regex.Matcher::search (154 bytes)

Stack: [0x0000009c17700000,0x0000009c17800000]
Native frames: (J=compiled Java code, j=interpreted, Vv=VM code, C=native code)
V  [jvm.dll+0x66fa1a]
V  [jvm.dll+0x7ce5a4]
V  [jvm.dll+0x7cfd4e]
V  [jvm.dll+0x7d03b3]
V  [jvm.dll+0x242b05]
V  [jvm.dll+0xaa05b]
V  [jvm.dll+0xaa5ec]
V  [jvm.dll+0x35f9b2]
V  [jvm.dll+0x1b9918]
V  [jvm.dll+0x215d49]
V  [jvm.dll+0x215011]
V  [jvm.dll+0x1a168d]
V  [jvm.dll+0x224848]
V  [jvm.dll+0x2229ac]
V  [jvm.dll+0x78435b]
V  [jvm.dll+0x77e91a]
V  [jvm.dll+0x66e845]
C  [ucrtbase.dll+0x26c0c]
C  [KERNEL32.DLL+0x154e0]
C  [ntdll.dll+0x485b]


---------------  P R O C E S S  ---------------

Threads class SMR info:
_java_thread_list=0x000001d8eebb49b0, length=19, elements={
0x000001d8ecb3e5f0, 0x000001d8ecb41470, 0x000001d8ecb52400, 0x000001d8ecb52fb0,
0x000001d8ecb55970, 0x000001d8ecb57330, 0x000001d8ecb586d0, 0x000001d8ecb69ed0,
0x000001d8ecb6dc00, 0x000001d8cc5c8a80, 0x000001d8ed612a60, 0x000001d8ed7177c0,
0x000001d8ed853460, 0x000001d8ed868010, 0x000001d8ed86a900, 0x000001d8ed89b8d0,
0x000001d8cc4ece60, 0x000001d8ee7ccef0, 0x000001d8eea6e7d0
}

Java Threads: ( => current thread )
  0x000001d8ecb3e5f0 JavaThread "Reference Handler" daemon [_thread_blocked, id=6660, stack(0x0000009c17100000,0x0000009c17200000)]
  0x000001d8ecb41470 JavaThread "Finalizer" daemon [_thread_blocked, id=2892, stack(0x0000009c17200000,0x0000009c17300000)]
  0x000001d8ecb52400 JavaThread "Signal Dispatcher" daemon [_thread_blocked, id=1156, stack(0x0000009c17300000,0x0000009c17400000)]
  0x000001d8ecb52fb0 JavaThread "Attach Listener" daemon [_thread_blocked, id=11512, stack(0x0000009c17400000,0x0000009c17500000)]
  0x000001d8ecb55970 JavaThread "Service Thread" daemon [_thread_blocked, id=10336, stack(0x0000009c17500000,0x0000009c17600000)]
  0x000001d8ecb57330 JavaThread "Monitor Deflation Thread" daemon [_thread_blocked, id=14208, stack(0x0000009c17600000,0x0000009c17700000)]
=>0x000001d8ecb586d0 JavaThread "C2 CompilerThread0" daemon [_thread_in_native, id=6624, stack(0x0000009c17700000,0x0000009c17800000)]
  0x000001d8ecb69ed0 JavaThread "C1 CompilerThread0" daemon [_thread_blocked, id=1080, stack(0x0000009c17800000,0x0000009c17900000)]
  0x000001d8ecb6dc00 JavaThread "Sweeper thread" daemon [_thread_blocked, id=7448, stack(0x0000009c17900000,0x0000009c17a00000)]
  0x000001d8cc5c8a80 JavaThread "Common-Cleaner" daemon [_thread_blocked, id=4024, stack(0x0000009c17a00000,0x0000009c17b00000)]
  0x000001d8ed612a60 JavaThread "Notification Thread" daemon [_thread_blocked, id=7948, stack(0x0000009c17b00000,0x0000009c17c00000)]
  0x000001d8ed7177c0 JavaThread "C2 CompilerThread1" daemon [_thread_in_native, id=10472, stack(0x0000009c17d00000,0x0000009c17e00000)]
  0x000001d8ed853460 JavaThread "Java2D Disposer" daemon [_thread_blocked, id=10116, stack(0x0000009c17e00000,0x0000009c17f00000)]
  0x000001d8ed868010 JavaThread "AWT-Shutdown" [_thread_blocked, id=8048, stack(0x0000009c17f00000,0x0000009c18000000)]
  0x000001d8ed86a900 JavaThread "AWT-Windows" daemon [_thread_in_native, id=11924, stack(0x0000009c18000000,0x0000009c18100000)]
  0x000001d8ed89b8d0 JavaThread "AWT-EventQueue-0" [_thread_in_native, id=7716, stack(0x0000009c18100000,0x0000009c18200000)]
  0x000001d8cc4ece60 JavaThread "DestroyJavaVM" [_thread_blocked, id=10880, stack(0x0000009c16a00000,0x0000009c16b00000)]
  0x000001d8ee7ccef0 JavaThread "Image Fetcher 0" daemon [_thread_blocked, id=12068, stack(0x0000009c18200000,0x0000009c18300000)]
  0x000001d8eea6e7d0 JavaThread "C2 CompilerThread2" daemon [_thread_in_native, id=8944, stack(0x0000009c18e00000,0x0000009c18f00000)]

Other Threads:
  0x000001d8ecb385f0 VMThread "VM Thread" [stack: 0x0000009c17000000,0x0000009c17100000] [id=14156]
  0x000001d8cc554c80 WatcherThread [stack: 0x0000009c17c00000,0x0000009c17d00000] [id=13464]
  0x000001d8cc5306b0 GCTaskThread "GC Thread#0" [stack: 0x0000009c16b00000,0x0000009c16c00000] [id=9456]
  0x000001d8eeba3d40 GCTaskThread "GC Thread#1" [stack: 0x0000009c18700000,0x0000009c18800000] [id=9896]
  0x000001d8ee8e8070 GCTaskThread "GC Thread#2" [stack: 0x0000009c18800000,0x0000009c18900000] [id=10096]
  0x000001d8ee9ae590 GCTaskThread "GC Thread#3" [stack: 0x0000009c18900000,0x0000009c18a00000] [id=5736]
  0x000001d8ee9ae840 GCTaskThread "GC Thread#4" [stack: 0x0000009c18a00000,0x0000009c18b00000] [id=5500]
  0x000001d8eeb758e0 GCTaskThread "GC Thread#5" [stack: 0x0000009c18b00000,0x0000009c18c00000] [id=12420]
  0x000001d8ee9af130 GCTaskThread "GC Thread#6" [stack: 0x0000009c18c00000,0x0000009c18d00000] [id=11172]
  0x000001d8ee950960 GCTaskThread "GC Thread#7" [stack: 0x0000009c18d00000,0x0000009c18e00000] [id=8840]
  0x000001d8cc53d400 ConcurrentGCThread "G1 Main Marker" [stack: 0x0000009c16c00000,0x0000009c16d00000] [id=6640]
  0x000001d8cc53de10 ConcurrentGCThread "G1 Conc#0" [stack: 0x0000009c16d00000,0x0000009c16e00000] [id=10508]
  0x000001d8cc5b7c80 ConcurrentGCThread "G1 Refine#0" [stack: 0x0000009c16e00000,0x0000009c16f00000] [id=13656]
  0x000001d8cc5b86a0 ConcurrentGCThread "G1 Service" [stack: 0x0000009c16f00000,0x0000009c17000000] [id=11664]

Threads with active compile tasks:
C2 CompilerThread0     1022 1486       4       java.util.regex.Matcher::search (154 bytes)
C2 CompilerThread1     1022 1588       4       sun.security.util.math.intpoly.IntegerPolynomial::multByInt (30 bytes)
C2 CompilerThread2     1022 1494       4       java.util.regex.Pattern$Branch::match (66 bytes)

VM state: not at safepoint (normal execution)

VM Mutex/Monitor currently owned by a thread: None

Heap address: 0x0000000741e00000, size: 3042 MB, Compressed Oops mode: Zero based, Oop shift amount: 3

CDS archive(s) mapped at: [0x0000000800000000-0x0000000800bc0000-0x0000000800bc0000), size 12320768, SharedBaseAddress: 0x0000000800000000, ArchiveRelocationMode: 0.
Compressed class space mapped at: 0x0000000800c00000-0x0000000840c00000, reserved size: 1073741824
Narrow klass base: 0x0000000800000000, Narrow klass shift: 0, Narrow klass range: 0x100000000

GC Precious Log:
 CPUs: 8 total, 8 available
 Memory: 12165M
 Large Page Support: Disabled
 NUMA Support: Disabled
 Compressed Oops: Enabled (Zero based)
 Heap Region Size: 2M
 Heap Min Capacity: 8M
 Heap Initial Capacity: 192M
 Heap Max Capacity: 3042M
 Pre-touch: Disabled
 Parallel Workers: 8
 Concurrent Workers: 2
 Concurrent Refinement Workers: 8
 Periodic GC: Disabled

Heap:
 garbage-first heap   total 196608K, used 14810K [0x0000000741e00000, 0x0000000800000000)
  region size 2048K, 5 young (10240K), 2 survivors (4096K)
 Metaspace       used 16164K, committed 16320K, reserved 1064960K
  class space    used 1839K, committed 1920K, reserved 1048576K

Heap Regions: E=young(eden), S=young(survivor), O=old, HS=humongous(starts), HC=humongous(continues), CS=collection set, F=free, OA=open archive, CA=closed archive, TAMS=top-at-mark-start (previous, next)
|   0|0x0000000741e00000, 0x0000000742000000, 0x0000000742000000|100%|HS|  |TAMS 0x0000000741e00000, 0x0000000741e00000| Complete 
|   1|0x0000000742000000, 0x0000000742200000, 0x0000000742200000|100%|HC|  |TAMS 0x0000000742000000, 0x0000000742000000| Complete 
|   2|0x0000000742200000, 0x0000000742400000, 0x0000000742400000|100%|HC|  |TAMS 0x0000000742200000, 0x0000000742200000| Complete 
|   3|0x0000000742400000, 0x0000000742476a00, 0x0000000742600000| 23%| O|  |TAMS 0x0000000742400000, 0x0000000742400000| Untracked 
|   4|0x0000000742600000, 0x0000000742600000, 0x0000000742800000|  0%| F|  |TAMS 0x0000000742600000, 0x0000000742600000| Untracked 
|   5|0x0000000742800000, 0x0000000742800000, 0x0000000742a00000|  0%| F|  |TAMS 0x0000000742800000, 0x0000000742800000| Untracked 
|   6|0x0000000742a00000, 0x0000000742a00000, 0x0000000742c00000|  0%| F|  |TAMS 0x0000000742a00000, 0x0000000742a00000| Untracked 
|   7|0x0000000742c00000, 0x0000000742c00000, 0x0000000742e00000|  0%| F|  |TAMS 0x0000000742c00000, 0x0000000742c00000| Untracked 
|   8|0x0000000742e00000, 0x0000000742e00000, 0x0000000743000000|  0%| F|  |TAMS 0x0000000742e00000, 0x0000000742e00000| Untracked 
|   9|0x0000000743000000, 0x0000000743000000, 0x0000000743200000|  0%| F|  |TAMS 0x0000000743000000, 0x0000000743000000| Untracked 
|  10|0x0000000743200000, 0x0000000743200000, 0x0000000743400000|  0%| F|  |TAMS 0x0000000743200000, 0x0000000743200000| Untracked 
|  11|0x0000000743400000, 0x0000000743400000, 0x0000000743600000|  0%| F|  |TAMS 0x0000000743400000, 0x0000000743400000| Untracked 
|  12|0x0000000743600000, 0x0000000743600000, 0x0000000743800000|  0%| F|  |TAMS 0x0000000743600000, 0x0000000743600000| Untracked 
|  13|0x0000000743800000, 0x0000000743800000, 0x0000000743a00000|  0%| F|  |TAMS 0x0000000743800000, 0x0000000743800000| Untracked 
|  14|0x0000000743a00000, 0x0000000743a00000, 0x0000000743c00000|  0%| F|  |TAMS 0x0000000743a00000, 0x0000000743a00000| Untracked 
|  15|0x0000000743c00000, 0x0000000743c00000, 0x0000000743e00000|  0%| F|  |TAMS 0x0000000743c00000, 0x0000000743c00000| Untracked 
|  16|0x0000000743e00000, 0x0000000743e00000, 0x0000000744000000|  0%| F|  |TAMS 0x0000000743e00000, 0x0000000743e00000| Untracked 
|  17|0x0000000744000000, 0x0000000744000000, 0x0000000744200000|  0%| F|  |TAMS 0x0000000744000000, 0x0000000744000000| Untracked 
|  18|0x0000000744200000, 0x0000000744200000, 0x0000000744400000|  0%| F|  |TAMS 0x0000000744200000, 0x0000000744200000| Untracked 
|  19|0x0000000744400000, 0x0000000744400000, 0x0000000744600000|  0%| F|  |TAMS 0x0000000744400000, 0x0000000744400000| Untracked 
|  20|0x0000000744600000, 0x0000000744600000, 0x0000000744800000|  0%| F|  |TAMS 0x0000000744600000, 0x0000000744600000| Untracked 
|  21|0x0000000744800000, 0x0000000744800000, 0x0000000744a00000|  0%| F|  |TAMS 0x0000000744800000, 0x0000000744800000| Untracked 
|  22|0x0000000744a00000, 0x0000000744a00000, 0x0000000744c00000|  0%| F|  |TAMS 0x0000000744a00000, 0x0000000744a00000| Untracked 
|  23|0x0000000744c00000, 0x0000000744c00000, 0x0000000744e00000|  0%| F|  |TAMS 0x0000000744c00000, 0x0000000744c00000| Untracked 
|  24|0x0000000744e00000, 0x0000000744e00000, 0x0000000745000000|  0%| F|  |TAMS 0x0000000744e00000, 0x0000000744e00000| Untracked 
|  25|0x0000000745000000, 0x0000000745000000, 0x0000000745200000|  0%| F|  |TAMS 0x0000000745000000, 0x0000000745000000| Untracked 
|  26|0x0000000745200000, 0x0000000745200000, 0x0000000745400000|  0%| F|  |TAMS 0x0000000745200000, 0x0000000745200000| Untracked 
|  27|0x0000000745400000, 0x0000000745400000, 0x0000000745600000|  0%| F|  |TAMS 0x0000000745400000, 0x0000000745400000| Untracked 
|  28|0x0000000745600000, 0x0000000745600000, 0x0000000745800000|  0%| F|  |TAMS 0x0000000745600000, 0x0000000745600000| Untracked 
|  29|0x0000000745800000, 0x0000000745800000, 0x0000000745a00000|  0%| F|  |TAMS 0x0000000745800000, 0x0000000745800000| Untracked 
|  30|0x0000000745a00000, 0x0000000745a00000, 0x0000000745c00000|  0%| F|  |TAMS 0x0000000745a00000, 0x0000000745a00000| Untracked 
|  31|0x0000000745c00000, 0x0000000745c00000, 0x0000000745e00000|  0%| F|  |TAMS 0x0000000745c00000, 0x0000000745c00000| Untracked 
|  32|0x0000000745e00000, 0x0000000745e00000, 0x0000000746000000|  0%| F|  |TAMS 0x0000000745e00000, 0x0000000745e00000| Untracked 
|  33|0x0000000746000000, 0x0000000746000000, 0x0000000746200000|  0%| F|  |TAMS 0x0000000746000000, 0x0000000746000000| Untracked 
|  34|0x0000000746200000, 0x0000000746200000, 0x0000000746400000|  0%| F|  |TAMS 0x0000000746200000, 0x0000000746200000| Untracked 
|  35|0x0000000746400000, 0x0000000746400000, 0x0000000746600000|  0%| F|  |TAMS 0x0000000746400000, 0x0000000746400000| Untracked 
|  36|0x0000000746600000, 0x0000000746600000, 0x0000000746800000|  0%| F|  |TAMS 0x0000000746600000, 0x0000000746600000| Untracked 
|  37|0x0000000746800000, 0x0000000746800000, 0x0000000746a00000|  0%| F|  |TAMS 0x0000000746800000, 0x0000000746800000| Untracked 
|  38|0x0000000746a00000, 0x0000000746a00000, 0x0000000746c00000|  0%| F|  |TAMS 0x0000000746a00000, 0x0000000746a00000| Untracked 
|  39|0x0000000746c00000, 0x0000000746c00000, 0x0000000746e00000|  0%| F|  |TAMS 0x0000000746c00000, 0x0000000746c00000| Untracked 
|  40|0x0000000746e00000, 0x0000000746e00000, 0x0000000747000000|  0%| F|  |TAMS 0x0000000746e00000, 0x0000000746e00000| Untracked 
|  41|0x0000000747000000, 0x0000000747000000, 0x0000000747200000|  0%| F|  |TAMS 0x0000000747000000, 0x0000000747000000| Untracked 
|  42|0x0000000747200000, 0x0000000747200000, 0x0000000747400000|  0%| F|  |TAMS 0x0000000747200000, 0x0000000747200000| Untracked 
|  43|0x0000000747400000, 0x0000000747400000, 0x0000000747600000|  0%| F|  |TAMS 0x0000000747400000, 0x0000000747400000| Untracked 
|  44|0x0000000747600000, 0x0000000747600000, 0x0000000747800000|  0%| F|  |TAMS 0x0000000747600000, 0x0000000747600000| Untracked 
|  45|0x0000000747800000, 0x0000000747800000, 0x0000000747a00000|  0%| F|  |TAMS 0x0000000747800000, 0x0000000747800000| Untracked 
|  46|0x0000000747a00000, 0x0000000747a00000, 0x0000000747c00000|  0%| F|  |TAMS 0x0000000747a00000, 0x0000000747a00000| Untracked 
|  47|0x0000000747c00000, 0x0000000747c00000, 0x0000000747e00000|  0%| F|  |TAMS 0x0000000747c00000, 0x0000000747c00000| Untracked 
|  48|0x0000000747e00000, 0x0000000747e00000, 0x0000000748000000|  0%| F|  |TAMS 0x0000000747e00000, 0x0000000747e00000| Untracked 
|  49|0x0000000748000000, 0x0000000748000000, 0x0000000748200000|  0%| F|  |TAMS 0x0000000748000000, 0x0000000748000000| Untracked 
|  50|0x0000000748200000, 0x0000000748200000, 0x0000000748400000|  0%| F|  |TAMS 0x0000000748200000, 0x0000000748200000| Untracked 
|  51|0x0000000748400000, 0x0000000748400000, 0x0000000748600000|  0%| F|  |TAMS 0x0000000748400000, 0x0000000748400000| Untracked 
|  52|0x0000000748600000, 0x0000000748600000, 0x0000000748800000|  0%| F|  |TAMS 0x0000000748600000, 0x0000000748600000| Untracked 
|  53|0x0000000748800000, 0x0000000748800000, 0x0000000748a00000|  0%| F|  |TAMS 0x0000000748800000, 0x0000000748800000| Untracked 
|  54|0x0000000748a00000, 0x0000000748a00000, 0x0000000748c00000|  0%| F|  |TAMS 0x0000000748a00000, 0x0000000748a00000| Untracked 
|  55|0x0000000748c00000, 0x0000000748c00000, 0x0000000748e00000|  0%| F|  |TAMS 0x0000000748c00000, 0x0000000748c00000| Untracked 
|  56|0x0000000748e00000, 0x0000000748e00000, 0x0000000749000000|  0%| F|  |TAMS 0x0000000748e00000, 0x0000000748e00000| Untracked 
|  57|0x0000000749000000, 0x0000000749000000, 0x0000000749200000|  0%| F|  |TAMS 0x0000000749000000, 0x0000000749000000| Untracked 
|  58|0x0000000749200000, 0x0000000749200000, 0x0000000749400000|  0%| F|  |TAMS 0x0000000749200000, 0x0000000749200000| Untracked 
|  59|0x0000000749400000, 0x0000000749400000, 0x0000000749600000|  0%| F|  |TAMS 0x0000000749400000, 0x0000000749400000| Untracked 
|  60|0x0000000749600000, 0x0000000749600000, 0x0000000749800000|  0%| F|  |TAMS 0x0000000749600000, 0x0000000749600000| Untracked 
|  61|0x0000000749800000, 0x0000000749800000, 0x0000000749a00000|  0%| F|  |TAMS 0x0000000749800000, 0x0000000749800000| Untracked 
|  62|0x0000000749a00000, 0x0000000749a00000, 0x0000000749c00000|  0%| F|  |TAMS 0x0000000749a00000, 0x0000000749a00000| Untracked 
|  63|0x0000000749c00000, 0x0000000749c00000, 0x0000000749e00000|  0%| F|  |TAMS 0x0000000749c00000, 0x0000000749c00000| Untracked 
|  64|0x0000000749e00000, 0x0000000749e00000, 0x000000074a000000|  0%| F|  |TAMS 0x0000000749e00000, 0x0000000749e00000| Untracked 
|  65|0x000000074a000000, 0x000000074a000000, 0x000000074a200000|  0%| F|  |TAMS 0x000000074a000000, 0x000000074a000000| Untracked 
|  66|0x000000074a200000, 0x000000074a200000, 0x000000074a400000|  0%| F|  |TAMS 0x000000074a200000, 0x000000074a200000| Untracked 
|  67|0x000000074a400000, 0x000000074a400000, 0x000000074a600000|  0%| F|  |TAMS 0x000000074a400000, 0x000000074a400000| Untracked 
|  68|0x000000074a600000, 0x000000074a600000, 0x000000074a800000|  0%| F|  |TAMS 0x000000074a600000, 0x000000074a600000| Untracked 
|  69|0x000000074a800000, 0x000000074a800000, 0x000000074aa00000|  0%| F|  |TAMS 0x000000074a800000, 0x000000074a800000| Untracked 
|  70|0x000000074aa00000, 0x000000074aa00000, 0x000000074ac00000|  0%| F|  |TAMS 0x000000074aa00000, 0x000000074aa00000| Untracked 
|  71|0x000000074ac00000, 0x000000074ac00000, 0x000000074ae00000|  0%| F|  |TAMS 0x000000074ac00000, 0x000000074ac00000| Untracked 
|  72|0x000000074ae00000, 0x000000074ae00000, 0x000000074b000000|  0%| F|  |TAMS 0x000000074ae00000, 0x000000074ae00000| Untracked 
|  73|0x000000074b000000, 0x000000074b000000, 0x000000074b200000|  0%| F|  |TAMS 0x000000074b000000, 0x000000074b000000| Untracked 
|  74|0x000000074b200000, 0x000000074b200000, 0x000000074b400000|  0%| F|  |TAMS 0x000000074b200000, 0x000000074b200000| Untracked 
|  75|0x000000074b400000, 0x000000074b400000, 0x000000074b600000|  0%| F|  |TAMS 0x000000074b400000, 0x000000074b400000| Untracked 
|  76|0x000000074b600000, 0x000000074b600000, 0x000000074b800000|  0%| F|  |TAMS 0x000000074b600000, 0x000000074b600000| Untracked 
|  77|0x000000074b800000, 0x000000074b800000, 0x000000074ba00000|  0%| F|  |TAMS 0x000000074b800000, 0x000000074b800000| Untracked 
|  78|0x000000074ba00000, 0x000000074ba00000, 0x000000074bc00000|  0%| F|  |TAMS 0x000000074ba00000, 0x000000074ba00000| Untracked 
|  79|0x000000074bc00000, 0x000000074bc00000, 0x000000074be00000|  0%| F|  |TAMS 0x000000074bc00000, 0x000000074bc00000| Untracked 
|  80|0x000000074be00000, 0x000000074be00000, 0x000000074c000000|  0%| F|  |TAMS 0x000000074be00000, 0x000000074be00000| Untracked 
|  81|0x000000074c000000, 0x000000074c000000, 0x000000074c200000|  0%| F|  |TAMS 0x000000074c000000, 0x000000074c000000| Untracked 
|  82|0x000000074c200000, 0x000000074c200000, 0x000000074c400000|  0%| F|  |TAMS 0x000000074c200000, 0x000000074c200000| Untracked 
|  83|0x000000074c400000, 0x000000074c600000, 0x000000074c600000|100%| S|CS|TAMS 0x000000074c400000, 0x000000074c400000| Complete 
|  84|0x000000074c600000, 0x000000074c800000, 0x000000074c800000|100%| S|CS|TAMS 0x000000074c600000, 0x000000074c600000| Complete 
|  85|0x000000074c800000, 0x000000074c800000, 0x000000074ca00000|  0%| F|  |TAMS 0x000000074c800000, 0x000000074c800000| Untracked 
|  86|0x000000074ca00000, 0x000000074ca00000, 0x000000074cc00000|  0%| F|  |TAMS 0x000000074ca00000, 0x000000074ca00000| Untracked 
|  87|0x000000074cc00000, 0x000000074cc00000, 0x000000074ce00000|  0%| F|  |TAMS 0x000000074cc00000, 0x000000074cc00000| Untracked 
|  88|0x000000074ce00000, 0x000000074ce00000, 0x000000074d000000|  0%| F|  |TAMS 0x000000074ce00000, 0x000000074ce00000| Untracked 
|  89|0x000000074d000000, 0x000000074d000000, 0x000000074d200000|  0%| F|  |TAMS 0x000000074d000000, 0x000000074d000000| Untracked 
|  90|0x000000074d200000, 0x000000074d200000, 0x000000074d400000|  0%| F|  |TAMS 0x000000074d200000, 0x000000074d200000| Untracked 
|  91|0x000000074d400000, 0x000000074d400000, 0x000000074d600000|  0%| F|  |TAMS 0x000000074d400000, 0x000000074d400000| Untracked 
|  92|0x000000074d600000, 0x000000074d600000, 0x000000074d800000|  0%| F|  |TAMS 0x000000074d600000, 0x000000074d600000| Untracked 
|  93|0x000000074d800000, 0x000000074da00000, 0x000000074da00000|100%| E|  |TAMS 0x000000074d800000, 0x000000074d800000| Complete 
|  94|0x000000074da00000, 0x000000074dc00000, 0x000000074dc00000|100%| E|CS|TAMS 0x000000074da00000, 0x000000074da00000| Complete 
|  95|0x000000074dc00000, 0x000000074de00000, 0x000000074de00000|100%| E|CS|TAMS 0x000000074dc00000, 0x000000074dc00000| Complete 

Card table byte_map: [0x000001d8e3630000,0x000001d8e3c30000] _byte_map_base: 0x000001d8dfc21000

Marking Bits (Prev, Next): (CMBitMap*) 0x000001d8cc530cc0, (CMBitMap*) 0x000001d8cc530d00
 Prev Bits: [0x000001d8e4230000, 0x000001d8e71b8000)
 Next Bits: [0x000001d8e71c0000, 0x000001d8ea148000)

Polling page: 0x000001d8ca460000

Metaspace:

Usage:
  Non-class:     14.00 MB used.
      Class:      1.80 MB used.
       Both:     15.80 MB used.

Virtual space:
  Non-class space:       16.00 MB reserved,      14.12 MB ( 88%) committed,  2 nodes.
      Class space:        1.00 GB reserved,       1.88 MB ( <1%) committed,  1 nodes.
             Both:        1.02 GB reserved,      16.00 MB (  2%) committed. 

Chunk freelists:
   Non-Class:  1.00 MB
       Class:  2.08 MB
        Both:  3.08 MB

MaxMetaspaceSize: unlimited
CompressedClassSpaceSize: 1.00 GB
Initial GC threshold: 21.00 MB
Current GC threshold: 21.00 MB
CDS: on
MetaspaceReclaimPolicy: balanced
 - commit_granule_bytes: 65536.
 - commit_granule_words: 8192.
 - virtual_space_node_default_size: 1048576.
 - enlarge_chunks_in_place: 1.
 - new_chunks_are_fully_committed: 0.
 - uncommit_free_chunks: 1.
 - use_allocation_guard: 0.
 - handle_deallocations: 1.


Internal statistics:

num_allocs_failed_limit: 0.
num_arena_births: 158.
num_arena_deaths: 0.
num_vsnodes_births: 3.
num_vsnodes_deaths: 0.
num_space_committed: 256.
num_space_uncommitted: 0.
num_chunks_returned_to_freelist: 0.
num_chunks_taken_from_freelist: 293.
num_chunk_merges: 0.
num_chunk_splits: 163.
num_chunks_enlarged: 79.
num_purges: 0.
num_inconsistent_stats: 0.

CodeHeap 'non-profiled nmethods': size=120000Kb used=575Kb max_used=575Kb free=119424Kb
 bounds [0x000001d8db7d0000, 0x000001d8dba40000, 0x000001d8e2d00000]
CodeHeap 'profiled nmethods': size=120000Kb used=2993Kb max_used=2993Kb free=117006Kb
 bounds [0x000001d8d42a0000, 0x000001d8d4590000, 0x000001d8db7d0000]
CodeHeap 'non-nmethods': size=5760Kb used=1326Kb max_used=1341Kb free=4433Kb
 bounds [0x000001d8d3d00000, 0x000001d8d3f70000, 0x000001d8d42a0000]
 total_blobs=2262 nmethods=1602 adapters=573
 compilation: enabled
              stopped_count=0, restarted_count=0
 full_count=0

Compilation events (20 events):
Event: 0.985 Thread 0x000001d8ecb69ed0 1543       3       sun.security.ec.point.ProjectivePoint$Mutable::conditionalSet (53 bytes)
Event: 0.985 Thread 0x000001d8ed7177c0 nmethod 1491% 0x000001d8db859890 code [0x000001d8db859a20, 0x000001d8db85a878]
Event: 0.985 Thread 0x000001d8ed7177c0 1489       4       java.util.regex.Matcher::reset (128 bytes)
Event: 0.986 Thread 0x000001d8ecb69ed0 nmethod 1543 0x000001d8d455f510 code [0x000001d8d455f740, 0x000001d8d4560208]
Event: 0.986 Thread 0x000001d8ecb69ed0 1545       3       sun.security.util.math.intpoly.IntegerPolynomial$MutableElement::setReduced (5 bytes)
Event: 0.986 Thread 0x000001d8ecb69ed0 nmethod 1545 0x000001d8d4560590 code [0x000001d8d4560740, 0x000001d8d45609a8]
Event: 0.986 Thread 0x000001d8ecb69ed0 1546       3       sun.security.util.math.intpoly.IntegerPolynomial$MutableElement::setReduced (18 bytes)
Event: 0.986 Thread 0x000001d8ecb69ed0 nmethod 1546 0x000001d8d4560a90 code [0x000001d8d4560c40, 0x000001d8d4560e48]
Event: 0.986 Thread 0x000001d8ecb69ed0 1547       3       sun.security.util.math.intpoly.IntegerPolynomialP256::square (613 bytes)
Event: 0.986 Thread 0x000001d8ecb69ed0 nmethod 1547 0x000001d8d4560f10 code [0x000001d8d45610c0, 0x000001d8d4561948]
Event: 0.988 Thread 0x000001d8ecb69ed0 1552       3       sun.security.ec.ECOperations::setDouble (559 bytes)
Event: 0.990 Thread 0x000001d8ecb69ed0 nmethod 1552 0x000001d8d4561b90 code [0x000001d8d45623e0, 0x000001d8d4568198]
Event: 0.990 Thread 0x000001d8ecb69ed0 1554       3       java.math.BigInteger::shiftLeftImplWorker (43 bytes)
Event: 0.991 Thread 0x000001d8ecb69ed0 nmethod 1554 0x000001d8d4569b90 code [0x000001d8d4569d40, 0x000001d8d4569f78]
Event: 0.991 Thread 0x000001d8ecb69ed0 1553       3       java.math.BigInteger::valueOf (62 bytes)
Event: 0.991 Thread 0x000001d8ecb69ed0 nmethod 1553 0x000001d8d456a110 code [0x000001d8d456a2e0, 0x000001d8d456a6e8]
Event: 0.991 Thread 0x000001d8ecb69ed0 1555       3       java.nio.ByteBuffer::limit (8 bytes)
Event: 0.991 Thread 0x000001d8ecb69ed0 nmethod 1555 0x000001d8d456a810 code [0x000001d8d456a9a0, 0x000001d8d456aae8]
Event: 0.991 Thread 0x000001d8ed7177c0 nmethod 1489 0x000001d8db85ab10 code [0x000001d8db85aca0, 0x000001d8db85afb8]
Event: 0.991 Thread 0x000001d8ed7177c0 1548       4       sun.security.util.math.intpoly.IntegerPolynomial$MutableElement::setSum (84 bytes)

GC Heap History (2 events):
Event: 0.848 GC heap before
{Heap before GC invocations=0 (full 0):
 garbage-first heap   total 196608K, used 28672K [0x0000000741e00000, 0x0000000800000000)
  region size 2048K, 11 young (22528K), 0 survivors (0K)
 Metaspace       used 12507K, committed 12672K, reserved 1064960K
  class space    used 1397K, committed 1472K, reserved 1048576K
}
Event: 0.853 GC heap after
{Heap after GC invocations=1 (full 0):
 garbage-first heap   total 196608K, used 10714K [0x0000000741e00000, 0x0000000800000000)
  region size 2048K, 2 young (4096K), 2 survivors (4096K)
 Metaspace       used 12507K, committed 12672K, reserved 1064960K
  class space    used 1397K, committed 1472K, reserved 1048576K
}

Deoptimization events (20 events):
Event: 0.854 Thread 0x000001d8ed89b8d0 DEOPT PACKING pc=0x000001d8d44aacf2 sp=0x0000009c181fd040
Event: 0.854 Thread 0x000001d8ed89b8d0 DEOPT UNPACKING pc=0x000001d8d3d52b43 sp=0x0000009c181fc4b8 mode 0
Event: 0.856 Thread 0x000001d8ed89b8d0 DEOPT PACKING pc=0x000001d8d44aacf2 sp=0x0000009c181fd040
Event: 0.856 Thread 0x000001d8ed89b8d0 DEOPT UNPACKING pc=0x000001d8d3d52b43 sp=0x0000009c181fc4b8 mode 0
Event: 0.958 Thread 0x000001d8ed89b8d0 Uncommon trap: trap_request=0xffffff45 fr.pc=0x000001d8db8539a0 relative=0x0000000000000460
Event: 0.958 Thread 0x000001d8ed89b8d0 Uncommon trap: reason=unstable_if action=reinterpret pc=0x000001d8db8539a0 method=java.lang.StringLatin1.compareToCI([B[B)I @ 68 c2
Event: 0.958 Thread 0x000001d8ed89b8d0 DEOPT PACKING pc=0x000001d8db8539a0 sp=0x0000009c181fdb30
Event: 0.958 Thread 0x000001d8ed89b8d0 DEOPT UNPACKING pc=0x000001d8d3d523a3 sp=0x0000009c181fd9b0 mode 2
Event: 0.958 Thread 0x000001d8ed89b8d0 Uncommon trap: trap_request=0xffffff45 fr.pc=0x000001d8db854600 relative=0x0000000000000440
Event: 0.958 Thread 0x000001d8ed89b8d0 Uncommon trap: reason=unstable_if action=reinterpret pc=0x000001d8db854600 method=java.lang.StringLatin1.compareToCI([B[B)I @ 68 c2
Event: 0.958 Thread 0x000001d8ed89b8d0 DEOPT PACKING pc=0x000001d8db854600 sp=0x0000009c181fdaa0
Event: 0.958 Thread 0x000001d8ed89b8d0 DEOPT UNPACKING pc=0x000001d8d3d523a3 sp=0x0000009c181fd9a8 mode 2
Event: 0.958 Thread 0x000001d8ed89b8d0 Uncommon trap: trap_request=0xffffff45 fr.pc=0x000001d8db85026c relative=0x00000000000003ac
Event: 0.958 Thread 0x000001d8ed89b8d0 Uncommon trap: reason=unstable_if action=reinterpret pc=0x000001d8db85026c method=java.lang.StringLatin1.compareToCI([B[B)I @ 68 c2
Event: 0.958 Thread 0x000001d8ed89b8d0 DEOPT PACKING pc=0x000001d8db85026c sp=0x0000009c181fda20
Event: 0.958 Thread 0x000001d8ed89b8d0 DEOPT UNPACKING pc=0x000001d8d3d523a3 sp=0x0000009c181fd9a8 mode 2
Event: 0.959 Thread 0x000001d8ed89b8d0 Uncommon trap: trap_request=0xffffff45 fr.pc=0x000001d8db852c98 relative=0x0000000000000258
Event: 0.959 Thread 0x000001d8ed89b8d0 Uncommon trap: reason=unstable_if action=reinterpret pc=0x000001d8db852c98 method=java.util.regex.Pattern$SliceI.match(Ljava/util/regex/Matcher;ILjava/lang/CharSequence;)Z @ 29 c2
Event: 0.959 Thread 0x000001d8ed89b8d0 DEOPT PACKING pc=0x000001d8db852c98 sp=0x0000009c181fd7b0
Event: 0.959 Thread 0x000001d8ed89b8d0 DEOPT UNPACKING pc=0x000001d8d3d523a3 sp=0x0000009c181fd748 mode 2

Classes unloaded (0 events):
No events

Classes redefined (0 events):
No events

Internal exceptions (20 events):
Event: 0.241 Thread 0x000001d8cc4ece60 Exception <a 'java/lang/ClassNotFoundException'{0x000000074d98d1b0}: RootPane> (0x000000074d98d1b0) 
thrown [t:\workspace\open\src\hotspot\share\classfile\systemDictionary.cpp, line 256]
Event: 0.242 Thread 0x000001d8cc4ece60 Exception <a 'java/lang/ClassNotFoundException'{0x000000074d990000}: com/sun/swing/internal/plaf/metal/resources/spi/metalProvider> (0x000000074d990000) 
thrown [t:\workspace\open\src\hotspot\share\classfile\systemDictionary.cpp, line 256]
Event: 0.243 Thread 0x000001d8cc4ece60 Exception <a 'java/lang/ClassNotFoundException'{0x000000074d993c00}: com/sun/swing/internal/plaf/basic/resources/spi/basicProvider> (0x000000074d993c00) 
thrown [t:\workspace\open\src\hotspot\share\classfile\systemDictionary.cpp, line 256]
Event: 0.260 Thread 0x000001d8ed89b8d0 Exception <a 'java/lang/ClassNotFoundException'{0x000000074d685928}: com/sun/swing/internal/plaf/synth/resources/spi/synthProvider> (0x000000074d685928) 
thrown [t:\workspace\open\src\hotspot\share\classfile\systemDictionary.cpp, line 256]
Event: 0.277 Thread 0x000001d8ed86a900 Exception <a 'java/lang/NoSuchMethodError'{0x000000074dbd87b8}: 'void java.lang.invoke.DirectMethodHandle$Holder.invokeVirtual(java.lang.Object, java.lang.Object)'> (0x000000074dbd87b8) 
thrown [t:\workspace\open\src\hotspot\share\interpreter\linkResolver.cpp, line 766]
Event: 0.285 Thread 0x000001d8ed89b8d0 Exception <a 'java/lang/NoSuchMethodError'{0x000000074d6e79e8}: 'void java.lang.invoke.DirectMethodHandle$Holder.invokeStaticInit(java.lang.Object)'> (0x000000074d6e79e8) 
thrown [t:\workspace\open\src\hotspot\share\interpreter\linkResolver.cpp, line 766]
Event: 0.417 Thread 0x000001d8ee7ccef0 Exception <a 'java/lang/NoSuchMethodError'{0x000000074d542ca8}: 'java.lang.Object java.lang.invoke.DirectMethodHandle$Holder.newInvokeSpecial(java.lang.Object, java.lang.Object, java.lang.Object, int, int, int, int, int)'> (0x000000074d542ca8) 
thrown [t:\workspace\open\src\hotspot\share\interpreter\linkResolver.cpp, line 766]
Event: 0.727 Thread 0x000001d8ed89b8d0 Exception <a 'java/lang/NoSuchMethodError'{0x000000074cd9dd50}: 'java.lang.Object java.lang.invoke.DirectMethodHandle$Holder.invokeInterface(java.lang.Object, java.lang.Object)'> (0x000000074cd9dd50) 
thrown [t:\workspace\open\src\hotspot\share\interpreter\linkResolver.cpp, line 766]
Event: 0.769 Thread 0x000001d8ed89b8d0 Exception <a 'java/lang/NoSuchMethodError'{0x000000074c86a4e8}: 'java.lang.Object java.lang.invoke.DirectMethodHandle$Holder.invokeStatic(java.lang.Object, java.lang.Object, long, java.lang.Object)'> (0x000000074c86a4e8) 
thrown [t:\workspace\open\src\hotspot\share\interpreter\linkResolver.cpp, line 766]
Event: 0.769 Thread 0x000001d8ed89b8d0 Exception <a 'java/lang/NoSuchMethodError'{0x000000074c86df80}: 'java.lang.Object java.lang.invoke.DirectMethodHandle$Holder.invokeStaticInit(java.lang.Object, java.lang.Object, long, java.lang.Object)'> (0x000000074c86df80) 
thrown [t:\workspace\open\src\hotspot\share\interpreter\linkResolver.cpp, line 766]
Event: 0.770 Thread 0x000001d8ed89b8d0 Exception <a 'java/lang/NoSuchMethodError'{0x000000074c874648}: 'java.lang.Object java.lang.invoke.DirectMethodHandle$Holder.newInvokeSpecial(java.lang.Object, java.lang.Object, long)'> (0x000000074c874648) 
thrown [t:\workspace\open\src\hotspot\share\interpreter\linkResolver.cpp, line 766]
Event: 0.770 Thread 0x000001d8ed89b8d0 Exception <a 'java/lang/NoSuchMethodError'{0x000000074c878410}: 'java.lang.Object java.lang.invoke.Invokers$Holder.linkToTargetMethod(java.lang.Object, long, java.lang.Object)'> (0x000000074c878410) 
thrown [t:\workspace\open\src\hotspot\share\interpreter\linkResolver.cpp, line 766]
Event: 0.817 Thread 0x000001d8ed89b8d0 Exception <a 'java/lang/NoSuchMethodError'{0x000000074c9a2eb8}: 'void java.lang.invoke.DirectMethodHandle$Holder.invokeStatic(java.lang.Object, java.lang.Object)'> (0x000000074c9a2eb8) 
thrown [t:\workspace\open\src\hotspot\share\interpreter\linkResolver.cpp, line 766]
Event: 0.822 Thread 0x000001d8ed89b8d0 Exception <a 'java/lang/NoSuchMethodError'{0x000000074c9b2688}: 'java.lang.Object java.lang.invoke.DirectMethodHandle$Holder.invokeStaticInit(java.lang.Object, int, int, int, int)'> (0x000000074c9b2688) 
thrown [t:\workspace\open\src\hotspot\share\interpreter\linkResolver.cpp, line 766]
Event: 0.858 Thread 0x000001d8ed89b8d0 Exception <a 'java/lang/NoSuchMethodError'{0x000000074dd49ac0}: 'java.lang.Object java.lang.invoke.DirectMethodHandle$Holder.invokeStaticInit(java.lang.Object, java.lang.Object, int, int, int, int)'> (0x000000074dd49ac0) 
thrown [t:\workspace\open\src\hotspot\share\interpreter\linkResolver.cpp, line 766]
Event: 0.884 Thread 0x000001d8ed89b8d0 Exception <a 'sun/nio/fs/WindowsException'{0x000000074dde39e8}> (0x000000074dde39e8) 
thrown [t:\workspace\open\src\hotspot\share\prims\jni.cpp, line 516]
Event: 0.897 Thread 0x000001d8ed89b8d0 Exception <a 'java/lang/NoSuchMethodError'{0x000000074da0e7a0}: 'int java.lang.invoke.DirectMethodHandle$Holder.invokeStaticInit(java.lang.Object, java.lang.Object, java.lang.Object, java.lang.Object)'> (0x000000074da0e7a0) 
thrown [t:\workspace\open\src\hotspot\share\interpreter\linkResolver.cpp, line 766]
Event: 0.898 Thread 0x000001d8ed89b8d0 Exception <a 'java/lang/IncompatibleClassChangeError'{0x000000074da17c48}: Found class java.lang.Object, but interface was expected> (0x000000074da17c48) 
thrown [t:\workspace\open\src\hotspot\share\interpreter\linkResolver.cpp, line 833]
Event: 0.898 Thread 0x000001d8ed89b8d0 Exception <a 'java/lang/NoSuchMethodError'{0x000000074da1ac28}: 'void java.lang.invoke.DirectMethodHandle$Holder.invokeStaticInit(java.lang.Object, java.lang.Object)'> (0x000000074da1ac28) 
thrown [t:\workspace\open\src\hotspot\share\interpreter\linkResolver.cpp, line 766]
Event: 0.899 Thread 0x000001d8ed89b8d0 Exception <a 'java/lang/NoSuchMethodError'{0x000000074da20af0}: 'int java.lang.invoke.DirectMethodHandle$Holder.invokeStaticInit(java.lang.Object, java.lang.Object)'> (0x000000074da20af0) 
thrown [t:\workspace\open\src\hotspot\share\interpreter\linkResolver.cpp, line 766]

VM Operations (18 events):
Event: 0.052 Executing VM operation: HandshakeAllThreads
Event: 0.052 Executing VM operation: HandshakeAllThreads done
Event: 0.222 Executing VM operation: HandshakeAllThreads
Event: 0.222 Executing VM operation: HandshakeAllThreads done
Event: 0.280 Executing VM operation: HandshakeAllThreads
Event: 0.280 Executing VM operation: HandshakeAllThreads done
Event: 0.753 Executing VM operation: ICBufferFull
Event: 0.753 Executing VM operation: ICBufferFull done
Event: 0.786 Executing VM operation: HandshakeAllThreads
Event: 0.786 Executing VM operation: HandshakeAllThreads done
Event: 0.848 Executing VM operation: G1CollectForAllocation
Event: 0.853 Executing VM operation: G1CollectForAllocation done
Event: 0.886 Executing VM operation: HandshakeAllThreads
Event: 0.886 Executing VM operation: HandshakeAllThreads done
Event: 0.956 Executing VM operation: HandshakeAllThreads
Event: 0.956 Executing VM operation: HandshakeAllThreads done
Event: 0.961 Executing VM operation: HandshakeAllThreads
Event: 0.961 Executing VM operation: HandshakeAllThreads done

Events (20 events):
Event: 0.980 loading class sun/security/util/math/intpoly/IntegerPolynomialP521
Event: 0.980 loading class sun/security/util/math/intpoly/IntegerPolynomialP521 done
Event: 0.980 loading class sun/security/util/math/intpoly/P256OrderField
Event: 0.980 loading class sun/security/util/math/intpoly/P256OrderField done
Event: 0.980 loading class sun/security/util/math/intpoly/P384OrderField
Event: 0.980 loading class sun/security/util/math/intpoly/P384OrderField done
Event: 0.980 loading class sun/security/util/math/intpoly/P521OrderField
Event: 0.980 loading class sun/security/util/math/intpoly/P521OrderField done
Event: 0.988 loading class java/security/interfaces/ECPrivateKey
Event: 0.988 loading class java/security/interfaces/ECPrivateKey done
Event: 0.989 loading class sun/security/util/ArrayUtil
Event: 0.989 loading class sun/security/util/ArrayUtil done
Event: 0.989 loading class java/security/interfaces/ECPublicKey
Event: 0.990 loading class java/security/interfaces/ECPublicKey done
Event: 0.990 loading class sun/security/ssl/KeyShareExtension$CHKeyShareSpec
Event: 0.990 loading class sun/security/ssl/KeyShareExtension$CHKeyShareSpec done
Event: 0.990 loading class sun/security/ssl/OutputRecord$T13PaddingHolder
Event: 0.990 loading class sun/security/ssl/OutputRecord$T13PaddingHolder done
Event: 0.990 loading class sun/security/ssl/ContentType
Event: 0.990 loading class sun/security/ssl/ContentType done


Dynamic libraries:
0x00007ff7ab1c0000 - 0x00007ff7ab1d0000 	C:\Program Files\Java\jdk-17.0.1\bin\java.exe
0x00007ffc7f520000 - 0x00007ffc7f727000 	C:\WINDOWS\SYSTEM32\ntdll.dll
0x00007ffc7eba0000 - 0x00007ffc7ec5d000 	C:\WINDOWS\System32\KERNEL32.DLL
0x00007ffc7d040000 - 0x00007ffc7d3b4000 	C:\WINDOWS\System32\KERNELBASE.dll
0x00007ffc7ccc0000 - 0x00007ffc7cdd1000 	C:\WINDOWS\System32\ucrtbase.dll
0x00007ffc67100000 - 0x00007ffc6711a000 	C:\Program Files\Java\jdk-17.0.1\bin\VCRUNTIME140.dll
0x00007ffc4c5e0000 - 0x00007ffc4c5f8000 	C:\Program Files\Java\jdk-17.0.1\bin\jli.dll
0x00007ffc7e450000 - 0x00007ffc7e4fe000 	C:\WINDOWS\System32\ADVAPI32.dll
0x00007ffc7e6a0000 - 0x00007ffc7e743000 	C:\WINDOWS\System32\msvcrt.dll
0x00007ffc7f440000 - 0x00007ffc7f4de000 	C:\WINDOWS\System32\sechost.dll
0x00007ffc7e950000 - 0x00007ffc7ea70000 	C:\WINDOWS\System32\RPCRT4.dll
0x00007ffc7e2a0000 - 0x00007ffc7e44c000 	C:\WINDOWS\System32\USER32.dll
0x00007ffc5ffc0000 - 0x00007ffc60265000 	C:\WINDOWS\WinSxS\amd64_microsoft.windows.common-controls_6595b64144ccf1df_6.0.22000.120_none_9d947278b86cc467\COMCTL32.dll
0x00007ffc7cb20000 - 0x00007ffc7cb46000 	C:\WINDOWS\System32\win32u.dll
0x00007ffc7e750000 - 0x00007ffc7e779000 	C:\WINDOWS\System32\GDI32.dll
0x00007ffc7cde0000 - 0x00007ffc7cef2000 	C:\WINDOWS\System32\gdi32full.dll
0x00007ffc7ca80000 - 0x00007ffc7cb1d000 	C:\WINDOWS\System32\msvcp_win.dll
0x00007ffc77690000 - 0x00007ffc7769a000 	C:\WINDOWS\SYSTEM32\VERSION.dll
0x00007ffc7d3c0000 - 0x00007ffc7d3f1000 	C:\WINDOWS\System32\IMM32.DLL
0x00007ffc69180000 - 0x00007ffc6918c000 	C:\Program Files\Java\jdk-17.0.1\bin\vcruntime140_1.dll
0x00007ffc4c600000 - 0x00007ffc4c68d000 	C:\Program Files\Java\jdk-17.0.1\bin\msvcp140.dll
0x00007ffc35020000 - 0x00007ffc35bde000 	C:\Program Files\Java\jdk-17.0.1\bin\server\jvm.dll
0x00007ffc7d400000 - 0x00007ffc7d408000 	C:\WINDOWS\System32\PSAPI.DLL
0x00007ffc703c0000 - 0x00007ffc703c9000 	C:\WINDOWS\SYSTEM32\WSOCK32.dll
0x00007ffc79c00000 - 0x00007ffc79c33000 	C:\WINDOWS\SYSTEM32\WINMM.dll
0x00007ffc7e780000 - 0x00007ffc7e7ef000 	C:\WINDOWS\System32\WS2_32.dll
0x00007ffc7bb90000 - 0x00007ffc7bba8000 	C:\WINDOWS\SYSTEM32\kernel.appcore.dll
0x00007ffc69040000 - 0x00007ffc6904a000 	C:\Program Files\Java\jdk-17.0.1\bin\jimage.dll
0x00007ffc7a700000 - 0x00007ffc7a921000 	C:\WINDOWS\SYSTEM32\DBGHELP.DLL
0x00007ffc79b10000 - 0x00007ffc79b41000 	C:\WINDOWS\SYSTEM32\dbgcore.DLL
0x00007ffc7cfc0000 - 0x00007ffc7d03f000 	C:\WINDOWS\System32\bcryptPrimitives.dll
0x00007ffc603f0000 - 0x00007ffc60415000 	C:\Program Files\Java\jdk-17.0.1\bin\java.dll
0x00007ffc489c0000 - 0x00007ffc48a96000 	C:\Program Files\Java\jdk-17.0.1\bin\svml.dll
0x00007ffc7da30000 - 0x00007ffc7e1de000 	C:\WINDOWS\System32\SHELL32.dll
0x00007ffc7ab80000 - 0x00007ffc7b3e7000 	C:\WINDOWS\SYSTEM32\windows.storage.dll
0x00007ffc7d5d0000 - 0x00007ffc7d948000 	C:\WINDOWS\System32\combase.dll
0x00007ffc7aa10000 - 0x00007ffc7ab76000 	C:\WINDOWS\SYSTEM32\wintypes.dll
0x00007ffc7f130000 - 0x00007ffc7f21a000 	C:\WINDOWS\System32\SHCORE.dll
0x00007ffc7f220000 - 0x00007ffc7f27d000 	C:\WINDOWS\System32\shlwapi.dll
0x00007ffc7c940000 - 0x00007ffc7c961000 	C:\WINDOWS\SYSTEM32\profapi.dll
0x00007ffc53fe0000 - 0x00007ffc53ff9000 	C:\Program Files\Java\jdk-17.0.1\bin\net.dll
0x00007ffc76aa0000 - 0x00007ffc76bac000 	C:\WINDOWS\SYSTEM32\WINHTTP.dll
0x00007ffc7c030000 - 0x00007ffc7c097000 	C:\WINDOWS\system32\mswsock.dll
0x00007ffc53fc0000 - 0x00007ffc53fd5000 	C:\Program Files\Java\jdk-17.0.1\bin\nio.dll
0x00007ffc53f80000 - 0x00007ffc53f98000 	C:\Program Files\Java\jdk-17.0.1\bin\zip.dll
0x00007ffc48830000 - 0x00007ffc489bf000 	C:\Program Files\Java\jdk-17.0.1\bin\awt.dll
0x00007ffc7d950000 - 0x00007ffc7da26000 	C:\WINDOWS\System32\OLEAUT32.dll
0x00007ffc795b0000 - 0x00007ffc79641000 	C:\WINDOWS\SYSTEM32\apphelp.dll
0x00007ffc79b50000 - 0x00007ffc79bfc000 	C:\WINDOWS\system32\uxtheme.dll
0x00007ffc7ea80000 - 0x00007ffc7eb9e000 	C:\WINDOWS\System32\MSCTF.dll
0x00007ffc7d410000 - 0x00007ffc7d5aa000 	C:\WINDOWS\System32\ole32.dll
0x00007ffc7a260000 - 0x00007ffc7a28f000 	C:\WINDOWS\system32\DWMAPI.DLL
0x00007ffc487a0000 - 0x00007ffc48829000 	C:\Program Files\Java\jdk-17.0.1\bin\freetype.dll
0x00007ffc486f0000 - 0x00007ffc48798000 	C:\Program Files\Java\jdk-17.0.1\bin\fontmanager.dll
0x00007ffc403c0000 - 0x00007ffc404c1000 	C:\WINDOWS\system32\opengl32.dll
0x00007ffc40340000 - 0x00007ffc4036d000 	C:\WINDOWS\SYSTEM32\GLU32.dll
0x00007ffc79ea0000 - 0x00007ffc79ed8000 	C:\WINDOWS\SYSTEM32\dxcore.dll
0x00007ffc4f300000 - 0x00007ffc4f42d000 	C:\WINDOWS\SYSTEM32\textinputframework.dll
0x00007ffc7e500000 - 0x00007ffc7e5af000 	C:\WINDOWS\System32\clbcatq.dll
0x00007ffc71720000 - 0x00007ffc718ce000 	C:\WINDOWS\SYSTEM32\WindowsCodecs.dll
0x00007ffc400d0000 - 0x00007ffc4012d000 	C:\WINDOWS\system32\dataexchange.dll
0x00007ffc70b30000 - 0x00007ffc70d96000 	C:\WINDOWS\system32\twinapi.appcore.dll
0x00007ffc52130000 - 0x00007ffc52147000 	C:\WINDOWS\system32\napinsp.dll
0x00007ffc51ab0000 - 0x00007ffc51acb000 	C:\WINDOWS\system32\pnrpnsp.dll
0x00007ffc7b6b0000 - 0x00007ffc7b797000 	C:\WINDOWS\SYSTEM32\DNSAPI.dll
0x00007ffc7b640000 - 0x00007ffc7b66d000 	C:\WINDOWS\SYSTEM32\IPHLPAPI.DLL
0x00007ffc7e8e0000 - 0x00007ffc7e8e9000 	C:\WINDOWS\System32\NSI.dll
0x00007ffc51960000 - 0x00007ffc51972000 	C:\WINDOWS\System32\winrnr.dll
0x00007ffc51940000 - 0x00007ffc51955000 	C:\WINDOWS\system32\wshbth.dll
0x00007ffc51920000 - 0x00007ffc5193f000 	C:\WINDOWS\system32\nlansp_c.dll
0x00007ffc755b0000 - 0x00007ffc755ba000 	C:\Windows\System32\rasadhlp.dll
0x00007ffc758d0000 - 0x00007ffc75951000 	C:\WINDOWS\System32\fwpuclnt.dll
0x00007ffc7c280000 - 0x00007ffc7c298000 	C:\WINDOWS\SYSTEM32\CRYPTSP.dll
0x00007ffc7baf0000 - 0x00007ffc7bb25000 	C:\WINDOWS\system32\rsaenh.dll
0x00007ffc7c120000 - 0x00007ffc7c149000 	C:\WINDOWS\SYSTEM32\USERENV.dll
0x00007ffc7c3f0000 - 0x00007ffc7c417000 	C:\WINDOWS\SYSTEM32\bcrypt.dll
0x00007ffc7c270000 - 0x00007ffc7c27c000 	C:\WINDOWS\SYSTEM32\CRYPTBASE.dll
0x00007ffc76750000 - 0x00007ffc76769000 	C:\WINDOWS\SYSTEM32\dhcpcsvc6.DLL
0x00007ffc776f0000 - 0x00007ffc7770e000 	C:\WINDOWS\SYSTEM32\dhcpcsvc.DLL
0x00007ffc69760000 - 0x00007ffc6976e000 	C:\Program Files\Java\jdk-17.0.1\bin\sunmscapi.dll
0x00007ffc7cb50000 - 0x00007ffc7ccb2000 	C:\WINDOWS\System32\CRYPT32.dll
0x00007ffc7c3c0000 - 0x00007ffc7c3e8000 	C:\WINDOWS\SYSTEM32\ncrypt.dll
0x00007ffc7c380000 - 0x00007ffc7c3b7000 	C:\WINDOWS\SYSTEM32\NTASN1.dll

dbghelp: loaded successfully - version: 4.0.5 - missing functions: none
symbol engine: initialized successfully - sym options: 0x614 - pdb path: .;C:\Program Files\Java\jdk-17.0.1\bin;C:\WINDOWS\SYSTEM32;C:\WINDOWS\WinSxS\amd64_microsoft.windows.common-controls_6595b64144ccf1df_6.0.22000.120_none_9d947278b86cc467;C:\Program Files\Java\jdk-17.0.1\bin\server

VM Arguments:
jvm_args: -Dfile.encoding=UTF-8 --module-path=C:\Users\ADMIN\Documents\NetBeansProjects\Project_DATABASE\build\classes 
java_command: GUI.Login
java_class_path (initial): C:\Users\ADMIN\Documents\NetBeansProjects\mssql-jdbc-9.4.1.jre16.jar;C:\Users\ADMIN\Documents\NetBeansProjects\jcalendar-1.4.jar;C:\Users\ADMIN\Documents\NetBeansProjects\sqljdbc4-2.0.jar;C:\Users\ADMIN\Documents\NetBeansProjects\beansbinding-1.2.1.jar;C:\Program Files\Java\javafx-sdk-17.0.1;C:\Users\ADMIN\Documents\NetBeansProjects\commons-email-1.4.jar;C:\Users\ADMIN\Documents\NetBeansProjects\javax.mail-1.6.0-rc1.jar;C:\Users\ADMIN\Documents\NetBeansProjects\jcommon-1.0.23.jar;C:\Users\ADMIN\Documents\NetBeansProjects\jfreechart-1.5.0.jar;C:\Users\ADMIN\Documents\NetBeansProjects\jaxb-xalan-1.5.jar;C:\Users\ADMIN\Documents\NetBeansProjects\activation-1.1.jar;C:\Users\ADMIN\Documents\NetBeansProjects\Project_DATABASE\build\classes
Launcher Type: SUN_STANDARD

[Global flags]
     intx CICompilerCount                          = 4                                         {product} {ergonomic}
     uint ConcGCThreads                            = 2                                         {product} {ergonomic}
     uint G1ConcRefinementThreads                  = 8                                         {product} {ergonomic}
   size_t G1HeapRegionSize                         = 2097152                                   {product} {ergonomic}
    uintx GCDrainStackTargetSize                   = 64                                        {product} {ergonomic}
   size_t InitialHeapSize                          = 201326592                                 {product} {ergonomic}
   size_t MarkStackSize                            = 4194304                                   {product} {ergonomic}
   size_t MaxHeapSize                              = 3189768192                                {product} {ergonomic}
   size_t MaxNewSize                               = 1912602624                                {product} {ergonomic}
   size_t MinHeapDeltaBytes                        = 2097152                                   {product} {ergonomic}
   size_t MinHeapSize                              = 8388608                                   {product} {ergonomic}
    uintx NonNMethodCodeHeapSize                   = 5839372                                {pd product} {ergonomic}
    uintx NonProfiledCodeHeapSize                  = 122909434                              {pd product} {ergonomic}
    uintx ProfiledCodeHeapSize                     = 122909434                              {pd product} {ergonomic}
    uintx ReservedCodeCacheSize                    = 251658240                              {pd product} {ergonomic}
     bool SegmentedCodeCache                       = true                                      {product} {ergonomic}
   size_t SoftMaxHeapSize                          = 3189768192                             {manageable} {ergonomic}
     bool UseCompressedClassPointers               = true                           {product lp64_product} {ergonomic}
     bool UseCompressedOops                        = true                           {product lp64_product} {ergonomic}
     bool UseG1GC                                  = true                                      {product} {ergonomic}
     bool UseLargePagesIndividualAllocation        = false                                  {pd product} {ergonomic}

Logging:
Log output configuration:
 #0: stdout all=warning uptime,level,tags
 #1: stderr all=off uptime,level,tags

Environment Variables:
PATH=C:\Program Files\Common Files\Oracle\Java\javapath;C:\ProgramData\Oracle\Java\javapath;C:\WINDOWS\system32;C:\WINDOWS;C:\WINDOWS\System32\Wbem;C:\WINDOWS\System32\WindowsPowerShell\v1.0\;C:\WINDOWS\System32\OpenSSH\;C:\Program Files\Microsoft SQL Server\Client SDK\ODBC\110\Tools\Binn\;C:\Program Files\Git\cmd;C:\Program Files\Microsoft SQL Server\Client SDK\ODBC\170\Tools\Binn\;C:\Program Files (x86)\Microsoft SQL Server\150\Tools\Binn\;C:\Program Files\Microsoft SQL Server\150\Tools\Binn\;C:\Program Files\Microsoft SQL Server\150\DTS\Binn\;C:\Program Files (x86)\Microsoft SQL Server\150\DTS\Binn\;C:\Program Files\Azure Data Studio\bin;C:\Users\ADMIN\AppData\Local\Microsoft\WindowsApps;C:\Users\ADMIN\AppData\Local\Programs\Microsoft VS Code\bin;;C:\Program Files\Azure Data Studio\bin
USERNAME=ADMIN
OS=Windows_NT
PROCESSOR_IDENTIFIER=Intel64 Family 6 Model 142 Stepping 12, GenuineIntel



---------------  S Y S T E M  ---------------

OS:
 Windows 10 , 64 bit Build 22000 (10.0.22000.434)
OS uptime: 0 days 8:15 hours

CPU: total 8 (initial active 8) (4 cores per cpu, 2 threads per core) family 6 model 142 stepping 12 microcode 0xde, cx8, cmov, fxsr, ht, mmx, 3dnowpref, sse, sse2, sse3, ssse3, sse4.1, sse4.2, popcnt, lzcnt, tsc, tscinvbit, avx, avx2, aes, erms, clmul, bmi1, bmi2, adx, fma, vzeroupper, clflush, clflushopt

Memory: 4k page, system-wide physical 12165M (1814M free)
TotalPageFile size 12165M (AvailPageFile size 5M)
current process WorkingSet (physical memory assigned to process): 106M, peak: 106M
current process commit charge ("private bytes"): 309M, peak: 309M

vm_info: Java HotSpot(TM) 64-Bit Server VM (17.0.1+12-LTS-39) for windows-amd64 JRE (17.0.1+12-LTS-39), built on Sep 27 2021 18:41:35 by "mach5one" with MS VC++ 16.8 (VS2019)

END.
